<?xml version="1.0" encoding="UTF-8"?>
<testng-results skipped="0" failed="0" ignored="0" total="1" passed="1">
  <reporter-output>
  </reporter-output>
  <suite name="Default suite" duration-ms="26610" started-at="2020-03-28T17:09:25 CST" finished-at="2020-03-28T17:09:51 CST">
    <groups>
      <group name="cucumber">
        <method signature="AbstractTestNGCucumberTests.runScenario(io.cucumber.testng.PickleWrapper, io.cucumber.testng.FeatureWrapper)[pri:0, instance:testRunners.FirstRunner@4d95d2a2]" name="runScenario" class="io.cucumber.testng.AbstractTestNGCucumberTests"/>
      </group> <!-- cucumber -->
    </groups>
    <test name="Default test" duration-ms="26610" started-at="2020-03-28T17:09:25 CST" finished-at="2020-03-28T17:09:51 CST">
      <class name="testRunners.FirstRunner">
        <test-method status="PASS" signature="setUpClass()[pri:0, instance:testRunners.FirstRunner@4d95d2a2]" name="setUpClass" is-config="true" duration-ms="307" started-at="2020-03-28T17:09:25 CST" finished-at="2020-03-28T17:09:25 CST">
          <reporter-output>
          </reporter-output>
        </test-method> <!-- setUpClass -->
        <test-method status="PASS" signature="runScenario(io.cucumber.testng.PickleWrapper, io.cucumber.testng.FeatureWrapper)[pri:0, instance:testRunners.FirstRunner@4d95d2a2]" name="runScenario" duration-ms="26214" started-at="2020-03-28T17:09:25 CST" description="Runs Cucumber Scenarios" data-provider="scenarios" finished-at="2020-03-28T17:09:51 CST">
          <params>
            <param index="0">
              <value>
                <![CDATA["User shold proced to CheckOut"]]>
              </value>
            </param>
            <param index="1">
              <value>
                <![CDATA["Log in Page"]]>
              </value>
            </param>
          </params>
          <reporter-output>
          </reporter-output>
        </test-method> <!-- runScenario -->
        <test-method status="PASS" signature="tearDownClass()[pri:0, instance:testRunners.FirstRunner@4d95d2a2]" name="tearDownClass" is-config="true" duration-ms="13" started-at="2020-03-28T17:09:51 CST" finished-at="2020-03-28T17:09:51 CST">
          <reporter-output>
          </reporter-output>
        </test-method> <!-- tearDownClass -->
      </class> <!-- testRunners.FirstRunner -->
    </test> <!-- Default test -->
  </suite> <!-- Default suite -->
</testng-results>
