<?xml version="1.0" encoding="UTF-8"?>
<!-- Generated by org.testng.reporters.JUnitReportReporter -->
<testsuite skipped="0" hostname="DESKTOP-6AO2MKO" name="testRunners.ThirdRunner" tests="1" failures="1" timestamp="2020-04-02T01:22:53 CST" time="24.111" errors="0">
  <testcase name="runScenario" time="24.111" classname="testRunners.ThirdRunner">
    <failure type="java.lang.AssertionError" message="expected [My account] but found [CREATE AN ACCOUNT]">
      <![CDATA[java.lang.AssertionError: expected [My account] but found [CREATE AN ACCOUNT]
at org.testng.Assert.fail(Assert.java:97)
at org.testng.Assert.assertEqualsImpl(Assert.java:136)
at org.testng.Assert.assertEquals(Assert.java:118)
at org.testng.Assert.assertEquals(Assert.java:575)
at org.testng.Assert.assertEquals(Assert.java:585)
at stepDefinitions.ThenTest.user_login(ThenTest.java:44)
at ✽.User login(file:///C:/Users/test.admin/WorkspaceAutomate/SeleniumCase/src/test/resources/featureFiles/CreateAnAccount.feature:11)
]]>
    </failure>
  </testcase> <!-- runScenario -->
  <system-out/>
</testsuite> <!-- testRunners.ThirdRunner -->
